This is pdfTeX, Version 3.141592653-2.6-1.40.25 (TeX Live 2023/Debian) (preloaded format=pdflatex 2025.10.18)  25 JAN 2026 17:42
entering extended mode
 restricted \write18 enabled.
 %&-line parsing enabled.
**main.tex
(./main.tex
LaTeX2e <2023-11-01> patch level 1
L3 programming layer <2024-01-22>
(/usr/share/texlive/texmf-dist/tex/latex/memoir/memoir.cls
Document Class: memoir 2024/01/26 v3.8.2 configurable book, report, article doc
ument class
(/usr/share/texlive/texmf-dist/tex/latex/xpatch/xpatch.sty
(/usr/share/texlive/texmf-dist/tex/latex/l3kernel/expl3.sty
Package: expl3 2024-01-22 L3 programming layer (loader) 

(/usr/share/texlive/texmf-dist/tex/latex/l3backend/l3backend-pdftex.def
File: l3backend-pdftex.def 2024-01-04 L3 backend support: PDF output (pdfTeX)
\l__color_backend_stack_int=\count187
\l__pdf_internal_box=\box51
))
Package: xpatch 2020/03/25 v0.3a Extending etoolbox patching commands

(/usr/share/texlive/texmf-dist/tex/latex/l3packages/xparse/xparse.sty
Package: xparse 2023-10-10 L3 Experimental document command parser
)
(/usr/share/texlive/texmf-dist/tex/latex/etoolbox/etoolbox.sty
Package: etoolbox 2020/10/05 v2.5k e-TeX tools for LaTeX (JAW)
\etb@tempcnta=\count188
))
\onelineskip=\skip48
\lxvchars=\skip49
\xlvchars=\skip50
\@memcnta=\count189
\c@@memmarkcntra=\count190

(/usr/share/texlive/texmf-dist/tex/generic/iftex/iftex.sty
Package: iftex 2022/02/03 v1.0f TeX engine tests
)
\trimtop=\skip51
\trimedge=\skip52

(/usr/share/texlive/texmf-dist/tex/latex/memoir/mem10.clo
File: mem10.clo 2022/07/29 v0.5 memoir class 10pt size option
)
\binding=\skip53
\spinemargin=\skip54
\foremargin=\skip55
\uppermargin=\skip56
\lowermargin=\skip57
\headdrop=\skip58
\normalrulethickness=\skip59
\mem@maxheadheight=\skip60
\mem@maxfootheight=\skip61
\headwidth=\skip62
\c@storedpagenumber=\count191
\memPD=\dimen140
\m@mabparskip=\skip63
\thanksmarkwidth=\skip64
\thanksmarksep=\skip65
\droptitle=\skip66
\c@book=\count192
\c@part=\count193
\c@chapter=\count194
\c@section=\count195
\c@subsection=\count196
\c@subsubsection=\count197
\c@paragraph=\count198
\c@subparagraph=\count199
\beforechapskip=\skip67
\midchapskip=\skip68
\afterchapskip=\skip69
\chapindent=\skip70
\bottomsectionskip=\skip71
\secindent=\skip72
\beforesecskip=\skip73
\aftersecskip=\skip74
\subsecindent=\skip75
\beforesubsecskip=\skip76
\aftersubsecskip=\skip77
\subsubsecindent=\skip78
\beforesubsubsecskip=\skip79
\aftersubsubsecskip=\skip80
\paraindent=\skip81
\beforeparaskip=\skip82
\afterparaskip=\skip83
\subparaindent=\skip84
\beforesubparaskip=\skip85
\aftersubparaskip=\skip86
\pfbreakskip=\skip87
\c@@ppsavesec=\count266
\c@@ppsaveapp=\count267
\ragrparindent=\dimen141
\everylistparindent=\dimen142
\parsepi=\skip88
\topsepi=\skip89
\itemsepi=\skip90
\parsepii=\skip91
\topsepii=\skip92
\topsepiii=\skip93
\itemsepii=\skip94
\itemsepiii=\skip95
\partopsepii=\skip96
\partopsepiii=\skip97
\m@msavetopsep=\skip98
\m@msavepartopsep=\skip99
\@enLab=\toks17
\abstitleskip=\skip100
\absleftindent=\skip101
\abs@leftindent=\dimen143
\absrightindent=\skip102
\absparindent=\skip103
\absparsep=\skip104
\c@vslineno=\count268
\c@poemline=\count269
\c@modulo@vs=\count270
\c@memfvsline=\count271
\vleftskip=\skip105
\vrightskip=\skip106
\stanzaskip=\skip107
\versewidth=\skip108
\vgap=\skip109
\vindent=\skip110
\vleftmargin=\dimen144
\c@verse=\count272
\c@chrsinstr=\count273
\beforepoemtitleskip=\skip111
\afterpoemtitleskip=\skip112
\c@poem=\count274
\beforePoemTitleskip=\skip113
\midPoemTitleskip=\skip114
\afterPoemTitleskip=\skip115

(/usr/share/texlive/texmf-dist/tex/latex/tools/array.sty
Package: array 2023/10/16 v2.5g Tabular extension package (FMi)
\col@sep=\dimen145
\ar@mcellbox=\box52
\extrarowheight=\dimen146
\NC@list=\toks18
\extratabsurround=\skip116
\backup@length=\skip117
\ar@cellbox=\box53
)
(/usr/share/texlive/texmf-dist/tex/latex/tools/dcolumn.sty
Package: dcolumn 2023/07/08 v1.06 decimal alignment package (DPC)
)
(/usr/share/texlive/texmf-dist/tex/latex/tools/delarray.sty
Package: delarray 2014/10/28 v1.01 array delimiter package (DPC)
)
(/usr/share/texlive/texmf-dist/tex/latex/tools/tabularx.sty
Package: tabularx 2023/07/08 v2.11c `tabularx' package (DPC)
\TX@col@width=\dimen147
\TX@old@table=\dimen148
\TX@old@col=\dimen149
\TX@target=\dimen150
\TX@delta=\dimen151
\TX@cols=\count275
\TX@ftn=\toks19
)
(/usr/share/texlive/texmf-dist/tex/latex/booktabs/booktabs.sty
Package: booktabs 2020/01/12 v1.61803398 Publication quality tables
\heavyrulewidth=\dimen152
\lightrulewidth=\dimen153
\cmidrulewidth=\dimen154
\belowrulesep=\dimen155
\belowbottomsep=\dimen156
\aboverulesep=\dimen157
\abovetopsep=\dimen158
\cmidrulesep=\dimen159
\cmidrulekern=\dimen160
\defaultaddspace=\dimen161
\@cmidla=\count276
\@cmidlb=\count277
\@aboverulesep=\dimen162
\@belowrulesep=\dimen163
\@thisruleclass=\count278
\@lastruleclass=\count279
\@thisrulewidth=\dimen164
)
\ctableftskip=\skip118
\ctabrightskip=\skip119
\abovecolumnspenalty=\count280
\@linestogo=\count281
\@cellstogo=\count282
\@cellsincolumn=\count283
\crtok=\toks20
\@mincolumnwidth=\dimen165
\c@newflo@tctr=\count284
\mem@margin@floatbox=\box54
\@contcwidth=\skip120
\@contindw=\skip121
\abovecaptionskip=\skip122
\belowcaptionskip=\skip123
\subfloattopskip=\skip124
\subfloatcapskip=\skip125
\subfloatcaptopadj=\skip126
\subfloatbottomskip=\skip127
\subfloatlabelskip=\skip128
\subfloatcapmargin=\dimen166
\c@@contsubnum=\count285
\m@mscap@capbox=\box55
\m@mscap@fbox=\box56
\sidecapsep=\dimen167
\sidecapwidth=\dimen168
\m@m@tempdima=\dimen169
\m@mscapraise=\dimen170
\sidecapraise=\dimen171
\m@mscapmainwidth=\dimen172
\m@mscaplkern=\dimen173
\beforeepigraphskip=\skip129
\afterepigraphskip=\skip130
\epigraphwidth=\skip131
\epigraphrule=\skip132
LaTeX Info: Redefining \em on input line 6932.
LaTeX Info: Redefining \emph on input line 6940.

(/usr/share/texlive/texmf-dist/tex/latex/hyperref/nameref.sty
Package: nameref 2023-11-26 v2.56 Cross-referencing by name of section

(/usr/share/texlive/texmf-dist/tex/latex/refcount/refcount.sty
Package: refcount 2019/12/15 v3.6 Data extraction from label references (HO)

(/usr/share/texlive/texmf-dist/tex/generic/ltxcmds/ltxcmds.sty
Package: ltxcmds 2023-12-04 v1.26 LaTeX kernel commands for general use (HO)
)
(/usr/share/texlive/texmf-dist/tex/generic/infwarerr/infwarerr.sty
Package: infwarerr 2019/12/03 v1.5 Providing info/warning/error messages (HO)
))
(/usr/share/texlive/texmf-dist/tex/generic/gettitlestring/gettitlestring.sty
Package: gettitlestring 2019/12/15 v1.6 Cleanup title references (HO)

(/usr/share/texlive/texmf-dist/tex/latex/kvoptions/kvoptions.sty
Package: kvoptions 2022-06-15 v3.15 Key value format for package options (HO)

(/usr/share/texlive/texmf-dist/tex/latex/graphics/keyval.sty
Package: keyval 2022/05/29 v1.15 key=value parser (DPC)
\KV@toks@=\toks21
)
(/usr/share/texlive/texmf-dist/tex/latex/kvsetkeys/kvsetkeys.sty
Package: kvsetkeys 2022-10-05 v1.19 Key value parser (HO)
)))
\c@section@level=\count286
)
\tocentryskip=\skip133
\tocbaseline=\skip134
\cftparskip=\skip135
\cftbeforebookskip=\skip136
\cftbookindent=\dimen174
\cftbooknumwidth=\dimen175
\cftbeforepartskip=\skip137
\cftpartindent=\skip138
\cftpartnumwidth=\skip139
\cftbeforechapterskip=\skip140
\cftchapterindent=\skip141
\cftchapternumwidth=\skip142
\cftbeforesectionskip=\skip143
\cftsectionindent=\skip144
\cftsectionnumwidth=\skip145
\cftbeforesubsectionskip=\skip146
\cftsubsectionindent=\skip147
\cftsubsectionnumwidth=\skip148
\cftbeforesubsubsectionskip=\skip149
\cftsubsubsectionindent=\skip150
\cftsubsubsectionnumwidth=\skip151
\cftbeforeparagraphskip=\skip152
\cftparagraphindent=\skip153
\cftparagraphnumwidth=\skip154
\cftbeforesubparagraphskip=\skip155
\cftsubparagraphindent=\skip156
\cftsubparagraphnumwidth=\skip157
\prechapterprecisshift=\dimen176
\c@maxsecnumdepth=\count287
\bibindent=\dimen177
\bibitemsep=\skip158
\indexcolsep=\skip159
\indexrule=\skip160
\indexmarkstyle=\toks22
\@indexbox=\insert252
LaTeX Info: Redefining \raggedbottom on input line 7935.
LaTeX Info: Redefining \flushbottom on input line 7939.
\glossarycolsep=\dimen178
\glossaryrule=\dimen179
\sideparvshift=\skip161
\sideins=\insert251
\sidebartopsep=\skip162
\sidebarhsep=\skip163
\sidebarvsep=\skip164
\sidebarwidth=\skip165
\footmarkwidth=\skip166
\footmarksep=\skip167
\footparindent=\skip168
\footinsdim=\skip169
\footinsv@r=\insert250
\@mpfootinsv@r=\insert249
\m@m@k=\count288
\m@m@h=\dimen180
\m@mipn@skip=\skip170
\sidefootins=\insert248
\sidefootadjust=\skip171
\sidefootheight=\skip172
\sidefoothsep=\skip173
\sidefootvsep=\skip174
\sidefootwidth=\skip175
\m@mdownsf=\skip176
\c@sidefootnote=\count289
\sidefootmarkwidth=\skip177
\sidefootmarksep=\skip178
\sidefootparindent=\skip179
\c@pagenote=\count290
\c@pagenoteshadow=\count291
\mem@pn@lastkern=\skip180

(/usr/share/texlive/texmf-dist/tex/latex/tools/verbatim.sty
Package: verbatim 2023-11-06 v1.5v LaTeX2e package for verbatim enhancements
\every@verbatim=\toks23
\verbatim@line=\toks24
\verbatim@in@stream=\read2
)
\verbatimindent=\skip181
\verbatim@out=\write3

(/usr/share/texlive/texmf-dist/tex/latex/base/shortvrb.sty
Package: shortvrb 2022/11/13 v3.0m Standard LaTeX documentation package V3 (FMi
)
)
\bvboxsep=\skip182
\c@memfbvline=\count292
\c@bvlinectr=\count293
\bvnumlength=\skip183
\fb@frw=\dimen181
\fb@frh=\dimen182
\FrameRule=\dimen183
\FrameSep=\dimen184
\c@cp@cntr=\count294
\c@ism@mctr=\count295
\c@xsm@mctr=\count296
\c@csm@mctr=\count297
\c@ksm@mctr=\count298
\c@xksm@mctr=\count299
\c@cksm@mctr=\count300
\c@msm@mctr=\count301
\c@xmsm@mctr=\count302
\c@cmsm@mctr=\count303
\c@bsm@mctr=\count304
\c@workm@mctr=\count305
\c@sheetsequence=\count306
\c@lastsheet=\count307
\c@lastpage=\count308

(/usr/share/texlive/texmf-dist/tex/latex/textcase/textcase.sty
Package: textcase 2023/07/27 v1.04 Text only upper/lower case changing (DPC)
Package textcase Info: Defining Legacy names on input line 20.
)
\c@figure=\count309
\c@lofdepth=\count310
\cftbeforefigureskip=\skip184
\cftfigureindent=\skip185
\cftfigurenumwidth=\skip186
\c@table=\count311
\c@lotdepth=\count312
\cftbeforetableskip=\skip187
\cfttableindent=\skip188
\cfttablenumwidth=\skip189
Package abstract [2008/07/23] emulated by memoir.
Package appendix [2008/07/23] emulated by memoir.
Package ccaption [2008/07/23] emulated by memoir.
Package changepage [2008/07/23] emulated by memoir.
Package chngcntr [2008/07/23] emulated by memoir.
Package chngpage [2008/07/23] emulated by memoir.
Package crop emulated by memoir.
Package enumerate [2008/07/23] emulated by memoir.
Package epigraph [2008/07/23] emulated by memoir.
Package ifmtarg [2008/07/23] emulated by memoir.
Package index [2008/07/23] emulated by memoir.
Package makeidx [2008/07/23] emulated by memoir.
Package moreverb [2008/07/23] emulated by memoir.
Package needspace [2008/07/23] emulated by memoir.
Package newfile [2008/07/23] emulated by memoir.
Package nextpage [2008/07/23] emulated by memoir.
Package pagenote [2008/07/23] emulated by memoir.
Package parskip [2008/07/23] emulated by memoir.
Package patchcmd [2008/07/23] emulated by memoir.
Package setspace [2008/07/23] emulated by memoir.
Package shortvrb [2008/07/23] emulated by memoir.
Package showidx [2008/07/23] emulated by memoir.
Package titleref [2008/07/23] emulated by memoir.
Package titling [2008/07/23] emulated by memoir.
Package tocbibind [2008/07/23] emulated by memoir.
Package tocloft [2008/07/23] emulated by memoir.
Package tocvsec2 [2008/07/23] emulated by memoir.
Package verbatim [2008/07/23] emulated by memoir.
Package verse [2008/07/23] emulated by memoir.
)
(/usr/share/texlive/texmf-dist/tex/generic/babel/babel.sty
Package: babel 2024/01/07 v24.1 The Babel package
\babel@savecnt=\count313
\U@D=\dimen185
\l@unhyphenated=\language89

(/usr/share/texlive/texmf-dist/tex/generic/babel/txtbabel.def)
\bbl@readstream=\read3
\bbl@dirlevel=\count314

(/usr/share/texlive/texmf-dist/tex/generic/babel-english/english.ldf
Language: english 2017/06/06 v3.3r English support from the babel system
Package babel Info: Hyphen rules for 'canadian' set to \l@english
(babel)             (\language0). Reported on input line 102.
Package babel Info: Hyphen rules for 'australian' set to \l@ukenglish
(babel)             (\language27). Reported on input line 105.
Package babel Info: Hyphen rules for 'newzealand' set to \l@ukenglish
(babel)             (\language27). Reported on input line 108.
)
(/usr/share/texlive/texmf-dist/tex/generic/babel-portuges/brazilian.ldf
Language: portuges 2021/07/09 v1.2t Portuguese support from the babel system
Package babel Info: Hyphen rules for 'brazilian' set to \l@portuguese
(babel)             (\language59). Reported on input line 111.
Package babel Info: Making " an active character on input line 143.
))
(/usr/share/texlive/texmf-dist/tex/generic/babel/locale/pt/babel-brazilian.tex
Package babel Info: Importing font and identification data for brazilian
(babel)             from babel-pt-BR.ini. Reported on input line 11.
) (/usr/share/texlive/texmf-dist/tex/generic/babel/locale/en/babel-english.tex
Package babel Info: Importing font and identification data for english
(babel)             from babel-en.ini. Reported on input line 11.
)
(/usr/share/texlive/texmf-dist/tex/latex/amsmath/amsmath.sty
Package: amsmath 2023/05/13 v2.17o AMS math features
\@mathmargin=\skip190

For additional information on amsmath, use the `?' option.
(/usr/share/texlive/texmf-dist/tex/latex/amsmath/amstext.sty
Package: amstext 2021/08/26 v2.01 AMS text

(/usr/share/texlive/texmf-dist/tex/latex/amsmath/amsgen.sty
File: amsgen.sty 1999/11/30 v2.0 generic functions
\@emptytoks=\toks25
\ex@=\dimen186
))
(/usr/share/texlive/texmf-dist/tex/latex/amsmath/amsbsy.sty
Package: amsbsy 1999/11/29 v1.2d Bold Symbols
\pmbraise@=\dimen187
)
(/usr/share/texlive/texmf-dist/tex/latex/amsmath/amsopn.sty
Package: amsopn 2022/04/08 v2.04 operator names
)
\inf@bad=\count315
LaTeX Info: Redefining \frac on input line 234.
\uproot@=\count316
\leftroot@=\count317
LaTeX Info: Redefining \overline on input line 399.
LaTeX Info: Redefining \colon on input line 410.
\classnum@=\count318
\DOTSCASE@=\count319
LaTeX Info: Redefining \ldots on input line 496.
LaTeX Info: Redefining \dots on input line 499.
LaTeX Info: Redefining \cdots on input line 620.
\Mathstrutbox@=\box57
\strutbox@=\box58
LaTeX Info: Redefining \big on input line 722.
LaTeX Info: Redefining \Big on input line 723.
LaTeX Info: Redefining \bigg on input line 724.
LaTeX Info: Redefining \Bigg on input line 725.
\big@size=\dimen188
LaTeX Font Info:    Redeclaring font encoding OML on input line 743.
LaTeX Font Info:    Redeclaring font encoding OMS on input line 744.
\macc@depth=\count320
LaTeX Info: Redefining \bmod on input line 905.
LaTeX Info: Redefining \pmod on input line 910.
LaTeX Info: Redefining \smash on input line 940.
LaTeX Info: Redefining \relbar on input line 970.
LaTeX Info: Redefining \Relbar on input line 971.
\c@MaxMatrixCols=\count321
\dotsspace@=\muskip16
\c@parentequation=\count322
\dspbrk@lvl=\count323
\tag@help=\toks26
\row@=\count324
\column@=\count325
\maxfields@=\count326
\andhelp@=\toks27
\eqnshift@=\dimen189
\alignsep@=\dimen190
\tagshift@=\dimen191
\tagwidth@=\dimen192
\totwidth@=\dimen193
\lineht@=\dimen194
\@envbody=\toks28
\multlinegap=\skip191
\multlinetaggap=\skip192
\mathdisplay@stack=\toks29
LaTeX Info: Redefining \[ on input line 2953.
LaTeX Info: Redefining \] on input line 2954.
)
(/usr/share/texlive/texmf-dist/tex/latex/amsfonts/amssymb.sty
Package: amssymb 2013/01/14 v3.01 AMS font symbols

(/usr/share/texlive/texmf-dist/tex/latex/amsfonts/amsfonts.sty
Package: amsfonts 2013/01/14 v3.01 Basic AMSFonts support
\symAMSa=\mathgroup4
\symAMSb=\mathgroup5
LaTeX Font Info:    Redeclaring math symbol \hbar on input line 98.
LaTeX Font Info:    Overwriting math alphabet `\mathfrak' in version `bold'
(Font)                  U/euf/m/n --> U/euf/b/n on input line 106.
))
(/usr/share/texlive/texmf-dist/tex/latex/mathtools/mathtools.sty
Package: mathtools 2022/06/29 v1.29 mathematical typesetting tools

(/usr/share/texlive/texmf-dist/tex/latex/tools/calc.sty
Package: calc 2023/07/08 v4.3 Infix arithmetic (KKT,FJ)
\calc@Acount=\count327
\calc@Bcount=\count328
\calc@Adimen=\dimen195
\calc@Bdimen=\dimen196
\calc@Askip=\skip193
\calc@Bskip=\skip194
LaTeX Info: Redefining \setlength on input line 80.
LaTeX Info: Redefining \addtolength on input line 81.
\calc@Ccount=\count329
\calc@Cskip=\skip195
)
(/usr/share/texlive/texmf-dist/tex/latex/mathtools/mhsetup.sty
Package: mhsetup 2021/03/18 v1.4 programming setup (MH)
)
\g_MT_multlinerow_int=\count330
\l_MT_multwidth_dim=\dimen197
\origjot=\skip196
\l_MT_shortvdotswithinadjustabove_dim=\dimen198
\l_MT_shortvdotswithinadjustbelow_dim=\dimen199
\l_MT_above_intertext_sep=\dimen256
\l_MT_below_intertext_sep=\dimen257
\l_MT_above_shortintertext_sep=\dimen258
\l_MT_below_shortintertext_sep=\dimen259
\xmathstrut@box=\box59
\xmathstrut@dim=\dimen260
)
(/usr/share/texlive/texmf-dist/tex/latex/algorithms/algorithm.sty
Package: algorithm 2009/08/24 v0.1 Document Style `algorithm' - floating enviro
nment

(/usr/share/texlive/texmf-dist/tex/latex/float/float.sty
Package: float 2001/11/08 v1.3d Float enhancements (AL)
\c@float@type=\count331
\float@exts=\toks30
\float@box=\box60
\@float@everytoks=\toks31
\@floatcapt=\box61
)
(/usr/share/texlive/texmf-dist/tex/latex/base/ifthen.sty
Package: ifthen 2022/04/13 v1.1d Standard LaTeX ifthen package (DPC)
)
\@float@every@algorithm=\toks32
\c@algorithm=\count332
)
(/usr/share/texlive/texmf-dist/tex/latex/algorithmicx/algpseudocode.sty
Package: algpseudocode 

(/usr/share/texlive/texmf-dist/tex/latex/algorithmicx/algorithmicx.sty
Package: algorithmicx 2005/04/27 v1.2 Algorithmicx

Document Style algorithmicx 1.2 - a greatly improved `algorithmic' style
\c@ALG@line=\count333
\c@ALG@rem=\count334
\c@ALG@nested=\count335
\ALG@tlm=\skip197
\ALG@thistlm=\skip198
\c@ALG@Lnr=\count336
\c@ALG@blocknr=\count337
\c@ALG@storecount=\count338
\c@ALG@tmpcounter=\count339
\ALG@tmplength=\skip199
)
Document Style - pseudocode environments for use with the `algorithmicx' style
) (/usr/share/texlive/texmf-dist/tex/latex/graphics/graphicx.sty
Package: graphicx 2021/09/16 v1.2d Enhanced LaTeX Graphics (DPC,SPQR)

(/usr/share/texlive/texmf-dist/tex/latex/graphics/graphics.sty
Package: graphics 2022/03/10 v1.4e Standard LaTeX Graphics (DPC,SPQR)

(/usr/share/texlive/texmf-dist/tex/latex/graphics/trig.sty
Package: trig 2021/08/11 v1.11 sin cos tan (DPC)
)
(/usr/share/texlive/texmf-dist/tex/latex/graphics-cfg/graphics.cfg
File: graphics.cfg 2016/06/04 v1.11 sample graphics configuration
)
Package graphics Info: Driver file: pdftex.def on input line 107.

(/usr/share/texlive/texmf-dist/tex/latex/graphics-def/pdftex.def
File: pdftex.def 2022/09/22 v1.2b Graphics/color driver for pdftex
))
\Gin@req@height=\dimen261
\Gin@req@width=\dimen262
)
(/usr/share/texlive/texmf-dist/tex/latex/hyperref/hyperref.sty
Package: hyperref 2024-01-20 v7.01h Hypertext links for LaTeX

(/usr/share/texlive/texmf-dist/tex/generic/kvdefinekeys/kvdefinekeys.sty
Package: kvdefinekeys 2019-12-19 v1.6 Define keys (HO)
)
(/usr/share/texlive/texmf-dist/tex/generic/pdfescape/pdfescape.sty
Package: pdfescape 2019/12/09 v1.15 Implements pdfTeX's escape features (HO)

(/usr/share/texlive/texmf-dist/tex/generic/pdftexcmds/pdftexcmds.sty
Package: pdftexcmds 2020-06-27 v0.33 Utility functions of pdfTeX for LuaTeX (HO
)
Package pdftexcmds Info: \pdf@primitive is available.
Package pdftexcmds Info: \pdf@ifprimitive is available.
Package pdftexcmds Info: \pdfdraftmode found.
))
(/usr/share/texlive/texmf-dist/tex/latex/hycolor/hycolor.sty
Package: hycolor 2020-01-27 v1.10 Color options for hyperref/bookmark (HO)
)
(/usr/share/texlive/texmf-dist/tex/latex/auxhook/auxhook.sty
Package: auxhook 2019-12-17 v1.6 Hooks for auxiliary files (HO)
)
\@linkdim=\dimen263
\Hy@linkcounter=\count340
\Hy@pagecounter=\count341

(/usr/share/texlive/texmf-dist/tex/latex/hyperref/pd1enc.def
File: pd1enc.def 2024-01-20 v7.01h Hyperref: PDFDocEncoding definition (HO)
Now handling font encoding PD1 ...
... no UTF-8 mapping file for font encoding PD1
)
(/usr/share/texlive/texmf-dist/tex/generic/intcalc/intcalc.sty
Package: intcalc 2019/12/15 v1.3 Expandable calculations with integers (HO)
)
\Hy@SavedSpaceFactor=\count342

(/usr/share/texlive/texmf-dist/tex/latex/hyperref/puenc.def
File: puenc.def 2024-01-20 v7.01h Hyperref: PDF Unicode definition (HO)
Now handling font encoding PU ...
... no UTF-8 mapping file for font encoding PU
)
Package hyperref Info: Hyper figures OFF on input line 4179.
Package hyperref Info: Link nesting OFF on input line 4184.
Package hyperref Info: Hyper index ON on input line 4187.
Package hyperref Info: Plain pages OFF on input line 4194.
Package hyperref Info: Backreferencing OFF on input line 4199.
Package hyperref Info: Implicit mode ON; LaTeX internals redefined.
Package hyperref Info: Bookmarks ON on input line 4446.
\c@Hy@tempcnt=\count343

(/usr/share/texlive/texmf-dist/tex/latex/url/url.sty
\Urlmuskip=\muskip17
Package: url 2013/09/16  ver 3.4  Verb mode for urls, etc.
)
LaTeX Info: Redefining \url on input line 4784.
\XeTeXLinkMargin=\dimen264

(/usr/share/texlive/texmf-dist/tex/generic/bitset/bitset.sty
Package: bitset 2019/12/09 v1.3 Handle bit-vector datatype (HO)

(/usr/share/texlive/texmf-dist/tex/generic/bigintcalc/bigintcalc.sty
Package: bigintcalc 2019/12/15 v1.5 Expandable calculations on big integers (HO
)
))
\Fld@menulength=\count344
\Field@Width=\dimen265
\Fld@charsize=\dimen266
Package hyperref Info: Hyper figures OFF on input line 6063.
Package hyperref Info: Link nesting OFF on input line 6068.
Package hyperref Info: Hyper index ON on input line 6071.
Package hyperref Info: backreferencing OFF on input line 6078.
Package hyperref Info: Link coloring OFF on input line 6083.
Package hyperref Info: Link coloring with OCG OFF on input line 6088.
Package hyperref Info: PDF/A mode OFF on input line 6093.

(/usr/share/texlive/texmf-dist/tex/latex/base/atbegshi-ltx.sty
Package: atbegshi-ltx 2021/01/10 v1.0c Emulation of the original atbegshi
package with kernel methods
)
\Hy@abspage=\count345
\c@Item=\count346
\c@Hfootnote=\count347
)
Package hyperref Info: Driver (autodetected): hpdftex.

(/usr/share/texlive/texmf-dist/tex/latex/hyperref/hpdftex.def
File: hpdftex.def 2024-01-20 v7.01h Hyperref driver for pdfTeX

(/usr/share/texlive/texmf-dist/tex/latex/base/atveryend-ltx.sty
Package: atveryend-ltx 2020/08/19 v1.0a Emulation of the original atveryend pac
kage
with kernel methods
)
\Fld@listcount=\count348
\c@bookmark@seq@number=\count349

(/usr/share/texlive/texmf-dist/tex/latex/rerunfilecheck/rerunfilecheck.sty
Package: rerunfilecheck 2022-07-10 v1.10 Rerun checks for auxiliary files (HO)

(/usr/share/texlive/texmf-dist/tex/generic/uniquecounter/uniquecounter.sty
Package: uniquecounter 2019/12/15 v1.4 Provide unlimited unique counter (HO)
)
Package uniquecounter Info: New unique counter `rerunfilecheck' on input line 2
85.
)
\Hy@SectionHShift=\skip256
)
(/usr/share/texlive/texmf-dist/tex/latex/memoir/memhfixc.sty
Package: memhfixc 2023/09/10 v1.22 hyperref package fixes for memoir class
\c@memhycontfloat=\count350
\c@Hpagenote=\count351
)
(/usr/share/texlive/texmf-dist/tex/latex/natbib/natbib.sty
Package: natbib 2010/09/13 8.31b (PWD, AO)
\bibhang=\skip257
\bibsep=\skip258
LaTeX Info: Redefining \cite on input line 694.
\c@NAT@ctr=\count352
)
\c@definition=\count353
\c@lemma=\count354
\c@subfigure=\count355
\cftbeforesubfigureskip=\skip259
\cftsubfigureindent=\skip260
\cftsubfigurenumwidth=\skip261

(/home/gggt4/TeX/CDSSvsSPG/out/main.aux)
\openout1 = `main.aux'.

LaTeX Font Info:    Checking defaults for OML/cmm/m/it on input line 41.
LaTeX Font Info:    ... okay on input line 41.
LaTeX Font Info:    Checking defaults for OMS/cmsy/m/n on input line 41.
LaTeX Font Info:    ... okay on input line 41.
LaTeX Font Info:    Checking defaults for OT1/cmr/m/n on input line 41.
LaTeX Font Info:    ... okay on input line 41.
LaTeX Font Info:    Checking defaults for T1/cmr/m/n on input line 41.
LaTeX Font Info:    ... okay on input line 41.
LaTeX Font Info:    Checking defaults for TS1/cmr/m/n on input line 41.
LaTeX Font Info:    ... okay on input line 41.
LaTeX Font Info:    Checking defaults for OMX/cmex/m/n on input line 41.
LaTeX Font Info:    ... okay on input line 41.
LaTeX Font Info:    Checking defaults for U/cmr/m/n on input line 41.
LaTeX Font Info:    ... okay on input line 41.
LaTeX Font Info:    Checking defaults for PD1/pdf/m/n on input line 41.
LaTeX Font Info:    ... okay on input line 41.
LaTeX Font Info:    Checking defaults for PU/pdf/m/n on input line 41.
LaTeX Font Info:    ... okay on input line 41.

(/usr/share/texlive/texmf-dist/tex/context/base/mkii/supp-pdf.mkii
[Loading MPS to PDF converter (version 2006.09.02).]
\scratchcounter=\count356
\scratchdimen=\dimen267
\scratchbox=\box62
\nofMPsegments=\count357
\nofMParguments=\count358
\everyMPshowfont=\toks33
\MPscratchCnt=\count359
\MPscratchDim=\dimen268
\MPnumerator=\count360
\makeMPintoPDFobject=\count361
\everyMPtoPDFconversion=\toks34
) (/usr/share/texlive/texmf-dist/tex/latex/epstopdf-pkg/epstopdf-base.sty
Package: epstopdf-base 2020-01-24 v2.11 Base part for package epstopdf
Package epstopdf-base Info: Redefining graphics rule for `.eps' on input line 4
85.

(/usr/share/texlive/texmf-dist/tex/latex/latexconfig/epstopdf-sys.cfg
File: epstopdf-sys.cfg 2010/07/13 v1.3 Configuration of (r)epstopdf for TeX Liv
e
))
Package hyperref Info: Link coloring OFF on input line 41.

(/home/gggt4/TeX/CDSSvsSPG/out/main.out)
(/home/gggt4/TeX/CDSSvsSPG/out/main.out)
\@outlinefile=\write4
\openout4 = `main.out'.

 (./intro.tex
LaTeX Font Info:    Trying to load font information for U+msa on input line 4.

(/usr/share/texlive/texmf-dist/tex/latex/amsfonts/umsa.fd
File: umsa.fd 2013/01/14 v3.01 AMS symbols A
)
LaTeX Font Info:    Trying to load font information for U+msb on input line 4.

(/usr/share/texlive/texmf-dist/tex/latex/amsfonts/umsb.fd
File: umsb.fd 2013/01/14 v3.01 AMS symbols B
) [1{/var/lib/texmf/fonts/map/pdftex/updmap/pdftex.map}

]) (./optimal.tex
Overfull \hbox (9.13606pt too wide) detected at line 16
[][] \OT1/cmr/m/n/10 = [] \OML/cmm/m/it/10 h[]\OT1/cmr/m/n/10 (\OML/cmm/m/it/10
 u[]\OT1/cmr/m/n/10 ) = [] \OML/cmm/m/it/10 :
 []

[2] [3] [4] [5]
Overfull \hbox (6.47276pt too wide) in paragraph at lines 159--160
\OT1/cmr/m/n/10 Pelo que foi dis-cu-tido na se^^Xc~ao an-te-rior, te-mos a se-g
uinte hi-e-rar-quia das condi^^Xc~oes
 []

) (./algo.tex [6]
Package hyperref Info: bookmark level for unknown algorithm defaults to 0 on in
put line 19.

Underfull \hbox (badness 10000) in paragraph at lines 36--37

 []

[7] [8] [9] [10]
Underfull \hbox (badness 1748) in paragraph at lines 165--165
[]\OT1/cmr/bx/n/10 Algorithm 2 \OT1/cmr/m/it/10 Com-po-site Par-tial Swap Ines-
ca-pa-ble of or-der $\OML/cmm/m/it/10 k$ \OT1/cmr/m/it/10 method
 []

[11]) [12] (./numerico.tex [13{/usr/share/texmf/fonts/enc/dvips/cm-super/cm-sup
er-ts1.enc}] [14]
<images/pF-exp-0.5-500-2000-10-100 (1).png, id=352, 3613.5pt x 2409.0pt>
File: images/pF-exp-0.5-500-2000-10-100 (1).png Graphic file (type png)
<use images/pF-exp-0.5-500-2000-10-100 (1).png>
Package pdftex.def Info: images/pF-exp-0.5-500-2000-10-100 (1).png  used on inp
ut line 42.
(pdftex.def)             Requested size: 153.44896pt x 102.29843pt.
<images/pSUP-exp-0.5-500-2000-10-100 (1).png, id=353, 3613.5pt x 2409.0pt>
File: images/pSUP-exp-0.5-500-2000-10-100 (1).png Graphic file (type png)
<use images/pSUP-exp-0.5-500-2000-10-100 (1).png>
Package pdftex.def Info: images/pSUP-exp-0.5-500-2000-10-100 (1).png  used on i
nput line 44.
(pdftex.def)             Requested size: 153.44896pt x 102.29843pt.
<images/pK-exp-0.5-500-2000-10-100 (1).png, id=354, 3613.5pt x 2409.0pt>
File: images/pK-exp-0.5-500-2000-10-100 (1).png Graphic file (type png)
<use images/pK-exp-0.5-500-2000-10-100 (1).png>
Package pdftex.def Info: images/pK-exp-0.5-500-2000-10-100 (1).png  used on inp
ut line 46.
(pdftex.def)             Requested size: 153.44896pt x 102.29843pt.
<images/pF-exp-0.5-500-2000-10-100.png, id=362, 3613.5pt x 2409.0pt>
File: images/pF-exp-0.5-500-2000-10-100.png Graphic file (type png)
<use images/pF-exp-0.5-500-2000-10-100.png>
Package pdftex.def Info: images/pF-exp-0.5-500-2000-10-100.png  used on input l
ine 65.
(pdftex.def)             Requested size: 153.44896pt x 102.29843pt.
<images/pSUP-exp-0.5-500-2000-10-100.png, id=363, 3613.5pt x 2409.0pt>
File: images/pSUP-exp-0.5-500-2000-10-100.png Graphic file (type png)
<use images/pSUP-exp-0.5-500-2000-10-100.png>
Package pdftex.def Info: images/pSUP-exp-0.5-500-2000-10-100.png  used on input
 line 67.
(pdftex.def)             Requested size: 153.44896pt x 102.29843pt.
<images/pK-exp-0.5-500-2000-10-100.png, id=364, 3613.5pt x 2409.0pt>
File: images/pK-exp-0.5-500-2000-10-100.png Graphic file (type png)
<use images/pK-exp-0.5-500-2000-10-100.png>
Package pdftex.def Info: images/pK-exp-0.5-500-2000-10-100.png  used on input l
ine 69.
(pdftex.def)             Requested size: 153.44896pt x 102.29843pt.
<images/pKout-exp-0.5-500-2000-10-100.png, id=365, 3613.5pt x 2409.0pt>
File: images/pKout-exp-0.5-500-2000-10-100.png Graphic file (type png)
<use images/pKout-exp-0.5-500-2000-10-100.png>
Package pdftex.def Info: images/pKout-exp-0.5-500-2000-10-100.png  used on inpu
t line 71.
(pdftex.def)             Requested size: 153.44896pt x 102.29843pt.

Underfull \hbox (badness 10000) in paragraph at lines 71--71
[]\OT1/cmr/m/n/8 (d) [][]N^^Sumero de itera^^Xc~oes ex-ter-nas
 []

[15]
<images/pF-exp-0.5-500-2000-300-100.png, id=380, 3613.5pt x 2409.0pt>
File: images/pF-exp-0.5-500-2000-300-100.png Graphic file (type png)
<use images/pF-exp-0.5-500-2000-300-100.png>
Package pdftex.def Info: images/pF-exp-0.5-500-2000-300-100.png  used on input 
line 80.
(pdftex.def)             Requested size: 153.44896pt x 102.29843pt.
<images/pSUP-exp-0.5-500-2000-300-100.png, id=381, 3613.5pt x 2409.0pt>
File: images/pSUP-exp-0.5-500-2000-300-100.png Graphic file (type png)
<use images/pSUP-exp-0.5-500-2000-300-100.png>
Package pdftex.def Info: images/pSUP-exp-0.5-500-2000-300-100.png  used on inpu
t line 82.
(pdftex.def)             Requested size: 153.44896pt x 102.29843pt.
<images/pK-exp-0.5-500-2000-300-100.png, id=382, 3613.5pt x 2409.0pt>
File: images/pK-exp-0.5-500-2000-300-100.png Graphic file (type png)
<use images/pK-exp-0.5-500-2000-300-100.png>
Package pdftex.def Info: images/pK-exp-0.5-500-2000-300-100.png  used on input 
line 84.
(pdftex.def)             Requested size: 153.44896pt x 102.29843pt.
<images/pKout-exp-0.5-500-2000-300-100.png, id=383, 3613.5pt x 2409.0pt>
File: images/pKout-exp-0.5-500-2000-300-100.png Graphic file (type png)
<use images/pKout-exp-0.5-500-2000-300-100.png>
Package pdftex.def Info: images/pKout-exp-0.5-500-2000-300-100.png  used on inp
ut line 86.
(pdftex.def)             Requested size: 153.44896pt x 102.29843pt.

Underfull \hbox (badness 10000) in paragraph at lines 86--86
[]\OT1/cmr/m/n/8 (d) N^^Sumero de itera^^Xc~oes ex-ter-nas
 []

<images/pF-con-0.5-500-2000-300-100.png, id=387, 3613.5pt x 2409.0pt>
File: images/pF-con-0.5-500-2000-300-100.png Graphic file (type png)
<use images/pF-con-0.5-500-2000-300-100.png>
Package pdftex.def Info: images/pF-con-0.5-500-2000-300-100.png  used on input 
line 95.
(pdftex.def)             Requested size: 153.44896pt x 102.29843pt.
<images/pSUP-con-0.5-500-2000-300-100.png, id=388, 3613.5pt x 2409.0pt>
File: images/pSUP-con-0.5-500-2000-300-100.png Graphic file (type png)
<use images/pSUP-con-0.5-500-2000-300-100.png>
Package pdftex.def Info: images/pSUP-con-0.5-500-2000-300-100.png  used on inpu
t line 97.
(pdftex.def)             Requested size: 153.44896pt x 102.29843pt.
<images/pK-con-0.5-500-2000-300-100.png, id=389, 3613.5pt x 2409.0pt>
File: images/pK-con-0.5-500-2000-300-100.png Graphic file (type png)
<use images/pK-con-0.5-500-2000-300-100.png>
Package pdftex.def Info: images/pK-con-0.5-500-2000-300-100.png  used on input 
line 99.
(pdftex.def)             Requested size: 153.44896pt x 102.29843pt.
<images/pKout-con-0.5-500-2000-300-100.png, id=390, 3613.5pt x 2409.0pt>
File: images/pKout-con-0.5-500-2000-300-100.png Graphic file (type png)
<use images/pKout-con-0.5-500-2000-300-100.png>
Package pdftex.def Info: images/pKout-con-0.5-500-2000-300-100.png  used on inp
ut line 101.
(pdftex.def)             Requested size: 153.44896pt x 102.29843pt.

Underfull \hbox (badness 10000) in paragraph at lines 101--101
[]\OT1/cmr/m/n/8 (d) N^^Sumero de itera^^Xc~oes ex-ter-nas
 []

<images/pF-exp-0.9-250-1000-300-25.png, id=394, 3613.5pt x 2409.0pt>
File: images/pF-exp-0.9-250-1000-300-25.png Graphic file (type png)
<use images/pF-exp-0.9-250-1000-300-25.png>
Package pdftex.def Info: images/pF-exp-0.9-250-1000-300-25.png  used on input l
ine 110.
(pdftex.def)             Requested size: 153.44896pt x 102.29843pt.
<images/pSUP-exp-0.9-250-1000-300-25.png, id=395, 3613.5pt x 2409.0pt>
File: images/pSUP-exp-0.9-250-1000-300-25.png Graphic file (type png)
<use images/pSUP-exp-0.9-250-1000-300-25.png>
Package pdftex.def Info: images/pSUP-exp-0.9-250-1000-300-25.png  used on input
 line 112.
(pdftex.def)             Requested size: 153.44896pt x 102.29843pt.
<images/pKout-exp-0.9-250-1000-300-25.png, id=396, 3613.5pt x 2409.0pt>
File: images/pKout-exp-0.9-250-1000-300-25.png Graphic file (type png)
<use images/pKout-exp-0.9-250-1000-300-25.png>
Package pdftex.def Info: images/pKout-exp-0.9-250-1000-300-25.png  used on inpu
t line 114.
(pdftex.def)             Requested size: 153.44896pt x 102.29843pt.
File: images/pKout-exp-0.9-250-1000-300-25.png Graphic file (type png)
<use images/pKout-exp-0.9-250-1000-300-25.png>
Package pdftex.def Info: images/pKout-exp-0.9-250-1000-300-25.png  used on inpu
t line 116.
(pdftex.def)             Requested size: 153.44896pt x 102.29843pt.

Underfull \hbox (badness 10000) in paragraph at lines 116--116
[]\OT1/cmr/m/n/8 (d) N^^Sumero de itera^^Xc~oes ex-ter-nas
 []

[16 <./images/pF-exp-0.5-500-2000-10-100 (1).png> <./images/pSUP-exp-0.5-500-20
00-10-100 (1).png> <./images/pK-exp-0.5-500-2000-10-100 (1).png>] [17 <./images
/pF-exp-0.5-500-2000-10-100.png> <./images/pSUP-exp-0.5-500-2000-10-100.png> <.
/images/pK-exp-0.5-500-2000-10-100.png> <./images/pKout-exp-0.5-500-2000-10-100
.png>]
<images/Comp_Sim-SPG_Comparison_exp-0.5-2000-10.0-100.png, id=421, 3613.5pt x 2
409.0pt>
File: images/Comp_Sim-SPG_Comparison_exp-0.5-2000-10.0-100.png Graphic file (ty
pe png)
<use images/Comp_Sim-SPG_Comparison_exp-0.5-2000-10.0-100.png>
Package pdftex.def Info: images/Comp_Sim-SPG_Comparison_exp-0.5-2000-10.0-100.p
ng  used on input line 137.
(pdftex.def)             Requested size: 153.44896pt x 102.29843pt.
<images/Comp_Sim-CDSS_Comparison_exp-0.5-2000-10.0-100.png, id=422, 3613.5pt x 
2409.0pt>
File: images/Comp_Sim-CDSS_Comparison_exp-0.5-2000-10.0-100.png Graphic file (t
ype png)
<use images/Comp_Sim-CDSS_Comparison_exp-0.5-2000-10.0-100.png>
Package pdftex.def Info: images/Comp_Sim-CDSS_Comparison_exp-0.5-2000-10.0-100.
png  used on input line 139.
(pdftex.def)             Requested size: 153.44896pt x 102.29843pt.
) (./anexos.tex [18 <./images/pF-exp-0.5-500-2000-300-100.png> <./images/pSUP-e
xp-0.5-500-2000-300-100.png> <./images/pK-exp-0.5-500-2000-300-100.png> <./imag
es/pKout-exp-0.5-500-2000-300-100.png>] [19 <./images/pF-con-0.5-500-2000-300-1
00.png> <./images/pSUP-con-0.5-500-2000-300-100.png> <./images/pK-con-0.5-500-2
000-300-100.png> <./images/pKout-con-0.5-500-2000-300-100.png>] [20 <./images/p
F-exp-0.9-250-1000-300-25.png> <./images/pSUP-exp-0.9-250-1000-300-25.png> <./i
mages/pKout-exp-0.9-250-1000-300-25.png> <./images/Comp_Sim-SPG_Comparison_exp-
0.5-2000-10.0-100.png> <./images/Comp_Sim-CDSS_Comparison_exp-0.5-2000-10.0-100
.png>]
<images/Comp_Sim-SPG_Comparison_const-0.5-2000-10.0-100.png, id=454, 3613.5pt x
 2409.0pt>
File: images/Comp_Sim-SPG_Comparison_const-0.5-2000-10.0-100.png Graphic file (
type png)
<use images/Comp_Sim-SPG_Comparison_const-0.5-2000-10.0-100.png>
Package pdftex.def Info: images/Comp_Sim-SPG_Comparison_const-0.5-2000-10.0-100
.png  used on input line 11.
(pdftex.def)             Requested size: 153.44896pt x 102.29843pt.
<images/Comp_Sim-CDSS_Comparison_const-0.5-2000-10.0-100.png, id=455, 3613.5pt 
x 2409.0pt>
File: images/Comp_Sim-CDSS_Comparison_const-0.5-2000-10.0-100.png Graphic file 
(type png)
<use images/Comp_Sim-CDSS_Comparison_const-0.5-2000-10.0-100.png>
Package pdftex.def Info: images/Comp_Sim-CDSS_Comparison_const-0.5-2000-10.0-10
0.png  used on input line 13.
(pdftex.def)             Requested size: 153.44896pt x 102.29843pt.
<images/Comp_Sim-SPG_Comparison_const-0.9-1000-5.0-20.png, id=456, 3613.5pt x 2
409.0pt>
File: images/Comp_Sim-SPG_Comparison_const-0.9-1000-5.0-20.png Graphic file (ty
pe png)
<use images/Comp_Sim-SPG_Comparison_const-0.9-1000-5.0-20.png>
Package pdftex.def Info: images/Comp_Sim-SPG_Comparison_const-0.9-1000-5.0-20.p
ng  used on input line 21.
(pdftex.def)             Requested size: 153.44896pt x 102.29843pt.
<images/Comp_Sim-CDSS_Comparison_const-0.9-1000-5.0-20.png, id=457, 3613.5pt x 
2409.0pt>
File: images/Comp_Sim-CDSS_Comparison_const-0.9-1000-5.0-20.png Graphic file (t
ype png)
<use images/Comp_Sim-CDSS_Comparison_const-0.9-1000-5.0-20.png>
Package pdftex.def Info: images/Comp_Sim-CDSS_Comparison_const-0.9-1000-5.0-20.
png  used on input line 23.
(pdftex.def)             Requested size: 153.44896pt x 102.29843pt.
<images/Comp_Sim-SPG_Comparison_exp-0.9-1000-5.0-20.png, id=458, 3613.5pt x 240
9.0pt>
File: images/Comp_Sim-SPG_Comparison_exp-0.9-1000-5.0-20.png Graphic file (type
 png)
<use images/Comp_Sim-SPG_Comparison_exp-0.9-1000-5.0-20.png>
Package pdftex.def Info: images/Comp_Sim-SPG_Comparison_exp-0.9-1000-5.0-20.png
  used on input line 31.
(pdftex.def)             Requested size: 153.44896pt x 102.29843pt.
<images/Comp_Sim-CDSS_Comparison_exp-0.9-1000-5.0-20.png, id=459, 3613.5pt x 24
09.0pt>
File: images/Comp_Sim-CDSS_Comparison_exp-0.9-1000-5.0-20.png Graphic file (typ
e png)
<use images/Comp_Sim-CDSS_Comparison_exp-0.9-1000-5.0-20.png>
Package pdftex.def Info: images/Comp_Sim-CDSS_Comparison_exp-0.9-1000-5.0-20.pn
g  used on input line 33.
(pdftex.def)             Requested size: 153.44896pt x 102.29843pt.
 [21

 <./images/Comp_Sim-SPG_Comparison_const-0.5-2000-10.0-100.png> <./images/Comp_
Sim-CDSS_Comparison_const-0.5-2000-10.0-100.png> <./images/Comp_Sim-SPG_Compari
son_const-0.9-1000-5.0-20.png> <./images/Comp_Sim-CDSS_Comparison_const-0.9-100
0-5.0-20.png>]) (./main.bbl

Class memoir Warning: The material used in the headers is too large
(26.87865pt) for the given head height (14.0pt), it is recommended to
either increase the head height or redesign the header
(in both cases you will find help in the memoir manual). on input line 1.


Overfull \vbox (12.87865pt too high) has occurred while \output is active []


[22 <./images/Comp_Sim-SPG_Comparison_exp-0.9-1000-5.0-20.png> <./images/Comp_S
im-CDSS_Comparison_exp-0.9-1000-5.0-20.png>]
Underfull \hbox (badness 5022) in paragraph at lines 67--73
[]\OT1/cmr/m/n/10 Yu-Hong Dai, Mehid-din Al-Baali, and Xi-a-oqi Yang.  \OT1/cmr
/m/it/10 A Po-si-tive
 []

[23

]
Underfull \hbox (badness 3049) in paragraph at lines 94--99
[]\OT1/cmr/m/n/10 Tom Golds-tein, Ch-ris-toph Stu-der, and Ri-chard Ba-ra-niuk.
  A fi-eld
 []

[24])

Class memoir Warning: The material used in the headers is too large
(26.87865pt) for the given head height (14.0pt), it is recommended to
either increase the head height or redesign the header
(in both cases you will find help in the memoir manual). on input line 55.

[25] (/home/gggt4/TeX/CDSSvsSPG/out/main.aux)
 ***********
LaTeX2e <2023-11-01> patch level 1
L3 programming layer <2020/03/25>
 ***********
Package rerunfilecheck Info: File `main.out' has not changed.
(rerunfilecheck)             Checksum: CD3C446A718A68193D485E2D627310D1;1443.
 ) 
Here is how much of TeX's memory you used:
 16608 strings out of 474222
 261805 string characters out of 5748732
 1944975 words of memory out of 5000000
 38479 multiletter control sequences out of 15000+600000
 569399 words of font info for 77 fonts, out of 8000000 for 9000
 1141 hyphenation exceptions out of 8191
 85i,19n,93p,1012b,623s stack positions out of 10000i,1000n,20000p,200000b,200000s
</usr/share/texlive/texmf-dist/fonts/type1/public/amsfonts/cm/cmbx10.pfb></us
r/share/texlive/texmf-dist/fonts/type1/public/amsfonts/cm/cmbx12.pfb></usr/shar
e/texlive/texmf-dist/fonts/type1/public/amsfonts/cm/cmbx7.pfb></usr/share/texli
ve/texmf-dist/fonts/type1/public/amsfonts/cm/cmbxti10.pfb></usr/share/texlive/t
exmf-dist/fonts/type1/public/amsfonts/cm/cmex10.pfb></usr/share/texlive/texmf-d
ist/fonts/type1/public/amsfonts/cm/cmmi10.pfb></usr/share/texlive/texmf-dist/fo
nts/type1/public/amsfonts/cm/cmmi5.pfb></usr/share/texlive/texmf-dist/fonts/typ
e1/public/amsfonts/cm/cmmi7.pfb></usr/share/texlive/texmf-dist/fonts/type1/publ
ic/amsfonts/cm/cmmi8.pfb></usr/share/texlive/texmf-dist/fonts/type1/public/amsf
onts/cm/cmr10.pfb></usr/share/texlive/texmf-dist/fonts/type1/public/amsfonts/cm
/cmr5.pfb></usr/share/texlive/texmf-dist/fonts/type1/public/amsfonts/cm/cmr7.pf
b></usr/share/texlive/texmf-dist/fonts/type1/public/amsfonts/cm/cmr8.pfb></usr/
share/texlive/texmf-dist/fonts/type1/public/amsfonts/cm/cmsl10.pfb></usr/share/
texlive/texmf-dist/fonts/type1/public/amsfonts/cm/cmsy10.pfb></usr/share/texliv
e/texmf-dist/fonts/type1/public/amsfonts/cm/cmsy5.pfb></usr/share/texlive/texmf
-dist/fonts/type1/public/amsfonts/cm/cmsy7.pfb></usr/share/texlive/texmf-dist/f
onts/type1/public/amsfonts/cm/cmti10.pfb></usr/share/texlive/texmf-dist/fonts/t
ype1/public/amsfonts/cm/cmtt10.pfb></usr/share/texlive/texmf-dist/fonts/type1/p
ublic/amsfonts/symbols/msam10.pfb></usr/share/texlive/texmf-dist/fonts/type1/pu
blic/amsfonts/symbols/msbm10.pfb></usr/share/texlive/texmf-dist/fonts/type1/pub
lic/amsfonts/symbols/msbm7.pfb></usr/share/texmf/fonts/type1/public/cm-super/sf
rm1000.pfb>
Output written on /home/gggt4/TeX/CDSSvsSPG/out/main.pdf (25 pages, 4802290 byt
es).
PDF statistics:
 648 PDF objects out of 1000 (max. 8388607)
 532 compressed objects within 6 object streams
 153 named destinations out of 1000 (max. 500000)
 187 words of extra memory for PDF output out of 10000 (max. 10000000)

