"CDSS" = "CDSS"
SUP = 20.0
Pred = 0.23209477353129923
Sim = 0.8
Infv = 1.3241892307732364
round(elapsed, digits = 2) = 1.45
"CDSS (β-only)" = "CDSS (β-only)"
SUP = 20.0
Pred = 0.23209477353129923
Sim = 0.8
Infv = 1.3241892307732364
round(elapsed, digits = 2) = 0.38
refinement_change = 5.3053678620890486e-17
"SPGpCDSS" = "SPGpCDSS"
SUP = 95.0
Pred = 0.3551470541764235
Sim = 0.2
Infv = 7.255630860042352
round(elapsed, digits = 2) = 1.2
spgpcdss_chose_beta = false
[ Info: Loading packages...
┌ Warning: L0Learn not available. Error: RCall.REvalError("Error in library(\"L0Learn\") : there is no package called ‘L0Learn’")
└ @ Main ~/cdss_l0learn_exp/cdss_vs_l0learn.jl:24
┌ Warning: Install with: R -e 'install.packages("L0Learn")' and Julia Pkg.add("RCall")
└ @ Main ~/cdss_l0learn_exp/cdss_vs_l0learn.jl:25
┌ Warning: Continuing without L0Learn comparison...
└ @ Main ~/cdss_l0learn_exp/cdss_vs_l0learn.jl:26
[ Info: Packages loaded successfully
┌ Info: Parameters
│   corr = "const"
│   ρ = 0.9
│   p = 100
│   SNR = 5.0
│   k⃰ = 20
│   ns_range = 100:100:100
│   T = 1
└   L0LEARN_AVAILABLE = false
┌ Info: Experiment configuration
│   samples = 100:100:100
│   trials = 1
│   algorithms =
│    3-element Vector{String}:
│     "CDSS"
└     ⋮
┌ Info: Sample size n=100
└   progress = "1/1"
[ Info: Trial 1/1 completed
[ Info: Completed n=100 in 4.2s
[ Info: All experiments finished
┌ Info: Plots saved
│   files =
│    5-element Vector{String}:
│     "L0Hybrid_bestlast_const-0.9-100-5.0-20-1-100_100_100_Pred.png"
│     "L0Hybrid_bestlast_const-0.9-100-5.0-20-1-100_100_100_Sim.png"
│     "L0Hybrid_bestlast_const-0.9-100-5.0-20-1-100_100_100_Inf.png"
│     "L0Hybrid_bestlast_const-0.9-100-5.0-20-1-100_100_100_SUP.png"
└     "L0Hybrid_bestlast_const-0.9-100-5.0-20-1-100_100_100_Time.png"

============================================================
RESULTS
============================================================

Support Size History (SUPhist):
1×3 Matrix{Float64}:
 20.0  20.0  95.0


Execution Time History (Timehist) - seconds:
1×3 Matrix{Float64}:
 1.45409  0.378509  1.19985

============================================================
REFINEMENT STATISTICS
============================================================

CDSS - β_best chosen percentage (vs zero start) per n:
  n=100: 100.0% chose β_best
Overall CDSS: 100.0% chose β_best

SPGpCDSS - β_best chosen percentage (vs zero start) per n:
  n=100: 0.0% chose β_best
Overall SPGpCDSS: 0.0% chose β_best

Refinement change magnitude (β-only variant) per n:
  n=100: avg relative change = 5.31e-17

Overall avg refinement change: 5.31e-17

Generating plots...

============================================================
All experiments completed successfully!
============================================================
